<?xml version="1.0" encoding="UTF-8"?>
<!-- Generated by org.testng.reporters.JUnitReportReporter -->
<testsuite hostname="DESKTOP-VNSMP8Q" failures="0" tests="1" name="testNGPkg.BeforeAfterMethodPgm" time="0.015" errors="0" timestamp="22 Jul 2021 01:45:21 GMT" skipped="0">
  <testcase classname="testNGPkg.BeforeAfterMethodPgm" name="testMethod" time="0.015"/>
</testsuite> <!-- testNGPkg.BeforeAfterMethodPgm -->
