<?xml version="1.0" encoding="UTF-8"?>
<!-- Generated by org.testng.reporters.JUnitReportReporter -->
<testsuite hostname="DESKTOP-VNSMP8Q" failures="0" tests="2" name="testNGPkg.TestMethodClass2" time="0.023" errors="0" timestamp="22 Jul 2021 01:48:18 GMT" skipped="0">
  <testcase classname="testNGPkg.TestMethodClass2" name="testMethod3" time="0.019"/>
  <testcase classname="testNGPkg.TestMethodClass2" name="testMethod4" time="0.004"/>
</testsuite> <!-- testNGPkg.TestMethodClass2 -->
